Erreur pour AAPL: 429 Client Error:  for url: https://newsapi.org/v2/everything?q=AAPL&apiKey=0297a303dd434d41ad3ba36c97ace92b&language=en&pageSize=3&sortBy=publishedAt
Erreur pour MSFT: 429 Client Error:  for url: https://newsapi.org/v2/everything?q=MSFT&apiKey=0297a303dd434d41ad3ba36c97ace92b&language=en&pageSize=3&sortBy=publishedAt
Erreur pour GOOGL: 429 Client Error:  for url: https://newsapi.org/v2/everything?q=GOOGL&apiKey=0297a303dd434d41ad3ba36c97ace92b&language=en&pageSize=3&sortBy=publishedAt
Erreur pour AMZN: 429 Client Error:  for url: https://newsapi.org/v2/everything?q=AMZN&apiKey=0297a303dd434d41ad3ba36c97ace92b&language=en&pageSize=3&sortBy=publishedAt
Erreur pour TSLA: 429 Client Error:  for url: https://newsapi.org/v2/everything?q=TSLA&apiKey=0297a303dd434d41ad3ba36c97ace92b&language=en&pageSize=3&sortBy=publishedAt
Erreur pour META: 429 Client Error:  for url: https://newsapi.org/v2/everything?q=META&apiKey=0297a303dd434d41ad3ba36c97ace92b&language=en&pageSize=3&sortBy=publishedAt
Erreur pour NFLX: 429 Client Error:  for url: https://newsapi.org/v2/everything?q=NFLX&apiKey=0297a303dd434d41ad3ba36c97ace92b&language=en&pageSize=3&sortBy=publishedAt
Erreur pour NVDA: 429 Client Error:  for url: https://newsapi.org/v2/everything?q=NVDA&apiKey=0297a303dd434d41ad3ba36c97ace92b&language=en&pageSize=3&sortBy=publishedAt
Erreur pour INTC: 429 Client Error:  for url: https://newsapi.org/v2/everything?q=INTC&apiKey=0297a303dd434d41ad3ba36c97ace92b&language=en&pageSize=3&sortBy=publishedAt
Erreur pour AMD: 429 Client Error:  for url: https://newsapi.org/v2/everything?q=AMD&apiKey=0297a303dd434d41ad3ba36c97ace92b&language=en&pageSize=3&sortBy=publishedAt
Erreur pour BA: 429 Client Error:  for url: https://newsapi.org/v2/everything?q=BA&apiKey=0297a303dd434d41ad3ba36c97ace92b&language=en&pageSize=3&sortBy=publishedAt
Erreur pour JPM: 429 Client Error:  for url: https://newsapi.org/v2/everything?q=JPM&apiKey=0297a303dd434d41ad3ba36c97ace92b&language=en&pageSize=3&sortBy=publishedAt
Erreur pour GS: 429 Client Error:  for url: https://newsapi.org/v2/everything?q=GS&apiKey=0297a303dd434d41ad3ba36c97ace92b&language=en&pageSize=3&sortBy=publishedAt
Erreur pour BAC: 429 Client Error:  for url: https://newsapi.org/v2/everything?q=BAC&apiKey=0297a303dd434d41ad3ba36c97ace92b&language=en&pageSize=3&sortBy=publishedAt
Erreur pour WFC: 429 Client Error:  for url: https://newsapi.org/v2/everything?q=WFC&apiKey=0297a303dd434d41ad3ba36c97ace92b&language=en&pageSize=3&sortBy=publishedAt
Erreur pour V: 429 Client Error:  for url: https://newsapi.org/v2/everything?q=V&apiKey=0297a303dd434d41ad3ba36c97ace92b&language=en&pageSize=3&sortBy=publishedAt
Erreur pour MA: 429 Client Error:  for url: https://newsapi.org/v2/everything?q=MA&apiKey=0297a303dd434d41ad3ba36c97ace92b&language=en&pageSize=3&sortBy=publishedAt
Erreur pour PYPL: 429 Client Error:  for url: https://newsapi.org/v2/everything?q=PYPL&apiKey=0297a303dd434d41ad3ba36c97ace92b&language=en&pageSize=3&sortBy=publishedAt
Erreur pour AXP: 429 Client Error:  for url: https://newsapi.org/v2/everything?q=AXP&apiKey=0297a303dd434d41ad3ba36c97ace92b&language=en&pageSize=3&sortBy=publishedAt
Erreur pour DIS: 429 Client Error:  for url: https://newsapi.org/v2/everything?q=DIS&apiKey=0297a303dd434d41ad3ba36c97ace92b&language=en&pageSize=3&sortBy=publishedAt
Erreur pour KO: 429 Client Error:  for url: https://newsapi.org/v2/everything?q=KO&apiKey=0297a303dd434d41ad3ba36c97ace92b&language=en&pageSize=3&sortBy=publishedAt
Erreur pour PEP: 429 Client Error:  for url: https://newsapi.org/v2/everything?q=PEP&apiKey=0297a303dd434d41ad3ba36c97ace92b&language=en&pageSize=3&sortBy=publishedAt
Erreur pour NKE: 429 Client Error:  for url: https://newsapi.org/v2/everything?q=NKE&apiKey=0297a303dd434d41ad3ba36c97ace92b&language=en&pageSize=3&sortBy=publishedAt
Erreur pour MCD: 429 Client Error:  for url: https://newsapi.org/v2/everything?q=MCD&apiKey=0297a303dd434d41ad3ba36c97ace92b&language=en&pageSize=3&sortBy=publishedAt
Erreur pour SBUX: 429 Client Error:  for url: https://newsapi.org/v2/everything?q=SBUX&apiKey=0297a303dd434d41ad3ba36c97ace92b&language=en&pageSize=3&sortBy=publishedAt
Erreur pour XOM: 429 Client Error:  for url: https://newsapi.org/v2/everything?q=XOM&apiKey=0297a303dd434d41ad3ba36c97ace92b&language=en&pageSize=3&sortBy=publishedAt
Erreur pour CVX: 429 Client Error:  for url: https://newsapi.org/v2/everything?q=CVX&apiKey=0297a303dd434d41ad3ba36c97ace92b&language=en&pageSize=3&sortBy=publishedAt
Erreur pour COP: 429 Client Error:  for url: https://newsapi.org/v2/everything?q=COP&apiKey=0297a303dd434d41ad3ba36c97ace92b&language=en&pageSize=3&sortBy=publishedAt
Erreur pour BP: 429 Client Error:  for url: https://newsapi.org/v2/everything?q=BP&apiKey=0297a303dd434d41ad3ba36c97ace92b&language=en&pageSize=3&sortBy=publishedAt
Erreur pour SLB: 429 Client Error:  for url: https://newsapi.org/v2/everything?q=SLB&apiKey=0297a303dd434d41ad3ba36c97ace92b&language=en&pageSize=3&sortBy=publishedAt
Erreur pour T: 429 Client Error:  for url: https://newsapi.org/v2/everything?q=T&apiKey=0297a303dd434d41ad3ba36c97ace92b&language=en&pageSize=3&sortBy=publishedAt
Erreur pour VZ: 429 Client Error:  for url: https://newsapi.org/v2/everything?q=VZ&apiKey=0297a303dd434d41ad3ba36c97ace92b&language=en&pageSize=3&sortBy=publishedAt
Erreur pour TMUS: 429 Client Error:  for url: https://newsapi.org/v2/everything?q=TMUS&apiKey=0297a303dd434d41ad3ba36c97ace92b&language=en&pageSize=3&sortBy=publishedAt
Erreur pour ADBE: 429 Client Error:  for url: https://newsapi.org/v2/everything?q=ADBE&apiKey=0297a303dd434d41ad3ba36c97ace92b&language=en&pageSize=3&sortBy=publishedAt
Erreur pour CRM: 429 Client Error:  for url: https://newsapi.org/v2/everything?q=CRM&apiKey=0297a303dd434d41ad3ba36c97ace92b&language=en&pageSize=3&sortBy=publishedAt
Erreur pour ORCL: 429 Client Error:  for url: https://newsapi.org/v2/everything?q=ORCL&apiKey=0297a303dd434d41ad3ba36c97ace92b&language=en&pageSize=3&sortBy=publishedAt
Erreur pour IBM: 429 Client Error:  for url: https://newsapi.org/v2/everything?q=IBM&apiKey=0297a303dd434d41ad3ba36c97ace92b&language=en&pageSize=3&sortBy=publishedAt
Erreur pour QCOM: 429 Client Error:  for url: https://newsapi.org/v2/everything?q=QCOM&apiKey=0297a303dd434d41ad3ba36c97ace92b&language=en&pageSize=3&sortBy=publishedAt
Erreur pour TXN: 429 Client Error:  for url: https://newsapi.org/v2/everything?q=TXN&apiKey=0297a303dd434d41ad3ba36c97ace92b&language=en&pageSize=3&sortBy=publishedAt
Erreur pour CSCO: 429 Client Error:  for url: https://newsapi.org/v2/everything?q=CSCO&apiKey=0297a303dd434d41ad3ba36c97ace92b&language=en&pageSize=3&sortBy=publishedAt
Erreur pour PFE: 429 Client Error:  for url: https://newsapi.org/v2/everything?q=PFE&apiKey=0297a303dd434d41ad3ba36c97ace92b&language=en&pageSize=3&sortBy=publishedAt
Erreur pour MRK: 429 Client Error:  for url: https://newsapi.org/v2/everything?q=MRK&apiKey=0297a303dd434d41ad3ba36c97ace92b&language=en&pageSize=3&sortBy=publishedAt
Erreur pour JNJ: 429 Client Error:  for url: https://newsapi.org/v2/everything?q=JNJ&apiKey=0297a303dd434d41ad3ba36c97ace92b&language=en&pageSize=3&sortBy=publishedAt
Erreur pour UNH: 429 Client Error:  for url: https://newsapi.org/v2/everything?q=UNH&apiKey=0297a303dd434d41ad3ba36c97ace92b&language=en&pageSize=3&sortBy=publishedAt
Erreur pour ABT: 429 Client Error:  for url: https://newsapi.org/v2/everything?q=ABT&apiKey=0297a303dd434d41ad3ba36c97ace92b&language=en&pageSize=3&sortBy=publishedAt
Erreur pour SPY: 429 Client Error:  for url: https://newsapi.org/v2/everything?q=SPY&apiKey=0297a303dd434d41ad3ba36c97ace92b&language=en&pageSize=3&sortBy=publishedAt
Erreur pour QQQ: 429 Client Error:  for url: https://newsapi.org/v2/everything?q=QQQ&apiKey=0297a303dd434d41ad3ba36c97ace92b&language=en&pageSize=3&sortBy=publishedAt
Erreur pour DIA: 429 Client Error:  for url: https://newsapi.org/v2/everything?q=DIA&apiKey=0297a303dd434d41ad3ba36c97ace92b&language=en&pageSize=3&sortBy=publishedAt
Erreur pour IWM: 429 Client Error:  for url: https://newsapi.org/v2/everything?q=IWM&apiKey=0297a303dd434d41ad3ba36c97ace92b&language=en&pageSize=3&sortBy=publishedAt
Erreur pour GLD: 429 Client Error:  for url: https://newsapi.org/v2/everything?q=GLD&apiKey=0297a303dd434d41ad3ba36c97ace92b&language=en&pageSize=3&sortBy=publishedAt
nikel
